

Version:	3.12
CmdLine:	D:\Project\Personal\programming\java\workspace\watermark\out\artifacts\watermark_jar\watermark.exe --l4j-debug
WOW64:		yes
Working dir:	D:\Project\Personal\programming\java\workspace\watermark\out\artifacts\watermark_jar\.
Java min ver:	1.008.000
Java max ver:	
64-bit search:	SOFTWARE\JavaSoft\Java Runtime Environment...
Check:		SOFTWARE\JavaSoft\Java Runtime Environment\1.8
Check launcher:	C:\Program Files\Java\jre1.8.0_281\bin\javaw.exe (OK)
Match:		1.008.000
Check:		SOFTWARE\JavaSoft\Java Runtime Environment\1.8.0_281
Check launcher:	C:\Program Files\Java\jre1.8.0_281\bin\javaw.exe (OK)
Match:		1.008.000_281
64-bit search:	SOFTWARE\JavaSoft\Java Development Kit...
Check:		SOFTWARE\JavaSoft\Java Development Kit\1.8
Ignore:		1.008.000
Check:		SOFTWARE\JavaSoft\Java Development Kit\1.8.0_271
Ignore:		1.008.000_271
Check:		SOFTWARE\JavaSoft\Java Development Kit\8.0.282.8
Warning:	formatJavaVersion() too many parts added.
Check launcher:	C:\Program Files\AdoptOpenJDK\jdk-8.0.282.8-hotspot\bin\javaw.exe (OK)
Match:		1.008.000_282
64-bit search:	SOFTWARE\JavaSoft\JRE...
64-bit search:	SOFTWARE\JavaSoft\JDK...
Runtime used:	1.008.000_282 (64-bit)
Launcher:	C:\Program Files\AdoptOpenJDK\jdk-8.0.282.8-hotspot\bin\javaw.exe
Launcher args:	-jar "D:\Project\Personal\programming\java\workspace\watermark\out\artifacts\watermark_jar\watermark.exe"
Args length:	105/32768 chars
Exit code:	0


Version:	3.12
CmdLine:	D:\Project\Personal\programming\java\workspace\watermark\out\artifacts\watermark_jar\watermark.exe --l4j-debug
WOW64:		yes
Working dir:	D:\Project\Personal\programming\java\workspace\watermark\out\artifacts\watermark_jar\.
Java min ver:	1.008.000
Java max ver:	
64-bit search:	SOFTWARE\JavaSoft\Java Runtime Environment...
Check:		SOFTWARE\JavaSoft\Java Runtime Environment\1.8
Check launcher:	C:\Program Files\Java\jre1.8.0_281\bin\javaw.exe (OK)
Match:		1.008.000
Check:		SOFTWARE\JavaSoft\Java Runtime Environment\1.8.0_281
Check launcher:	C:\Program Files\Java\jre1.8.0_281\bin\javaw.exe (OK)
Match:		1.008.000_281
64-bit search:	SOFTWARE\JavaSoft\Java Development Kit...
Check:		SOFTWARE\JavaSoft\Java Development Kit\1.8
Ignore:		1.008.000
Check:		SOFTWARE\JavaSoft\Java Development Kit\1.8.0_271
Ignore:		1.008.000_271
Check:		SOFTWARE\JavaSoft\Java Development Kit\8.0.282.8
Warning:	formatJavaVersion() too many parts added.
Check launcher:	C:\Program Files\AdoptOpenJDK\jdk-8.0.282.8-hotspot\bin\javaw.exe (OK)
Match:		1.008.000_282
64-bit search:	SOFTWARE\JavaSoft\JRE...
64-bit search:	SOFTWARE\JavaSoft\JDK...
Runtime used:	1.008.000_282 (64-bit)
Launcher:	C:\Program Files\AdoptOpenJDK\jdk-8.0.282.8-hotspot\bin\javaw.exe
Launcher args:	-jar "D:\Project\Personal\programming\java\workspace\watermark\out\artifacts\watermark_jar\watermark.exe"
Args length:	105/32768 chars
Exit code:	0


Version:	3.12
CmdLine:	D:\Project\Personal\programming\java\workspace\watermark\out\artifacts\watermark_jar\watermark.exe --l4j-debug
WOW64:		yes
Working dir:	D:\Project\Personal\programming\java\workspace\watermark\out\artifacts\watermark_jar\.
Java min ver:	1.008.000
Java max ver:	
64-bit search:	SOFTWARE\JavaSoft\Java Runtime Environment...
Check:		SOFTWARE\JavaSoft\Java Runtime Environment\1.8
Check launcher:	C:\Program Files\Java\jre1.8.0_281\bin\javaw.exe (OK)
Match:		1.008.000
Check:		SOFTWARE\JavaSoft\Java Runtime Environment\1.8.0_281
Check launcher:	C:\Program Files\Java\jre1.8.0_281\bin\javaw.exe (OK)
Match:		1.008.000_281
64-bit search:	SOFTWARE\JavaSoft\Java Development Kit...
Check:		SOFTWARE\JavaSoft\Java Development Kit\1.8
Ignore:		1.008.000
Check:		SOFTWARE\JavaSoft\Java Development Kit\1.8.0_271
Ignore:		1.008.000_271
Check:		SOFTWARE\JavaSoft\Java Development Kit\8.0.282.8
Warning:	formatJavaVersion() too many parts added.
Check launcher:	C:\Program Files\AdoptOpenJDK\jdk-8.0.282.8-hotspot\bin\javaw.exe (OK)
Match:		1.008.000_282
64-bit search:	SOFTWARE\JavaSoft\JRE...
64-bit search:	SOFTWARE\JavaSoft\JDK...
Runtime used:	1.008.000_282 (64-bit)
Launcher:	C:\Program Files\AdoptOpenJDK\jdk-8.0.282.8-hotspot\bin\javaw.exe
Launcher args:	-jar "D:\Project\Personal\programming\java\workspace\watermark\out\artifacts\watermark_jar\watermark.exe"
Args length:	105/32768 chars
Exit code:	0


Version:	3.12
CmdLine:	D:\Project\Personal\programming\java\workspace\watermark\out\artifacts\watermark_jar\watermark.exe --l4j-debug
WOW64:		yes
Working dir:	D:\Project\Personal\programming\java\workspace\watermark\out\artifacts\watermark_jar\.
Java min ver:	1.008.000
Java max ver:	
64-bit search:	SOFTWARE\JavaSoft\Java Runtime Environment...
Check:		SOFTWARE\JavaSoft\Java Runtime Environment\1.8
Check launcher:	C:\Program Files\Java\jre1.8.0_281\bin\javaw.exe (OK)
Match:		1.008.000
Check:		SOFTWARE\JavaSoft\Java Runtime Environment\1.8.0_281
Check launcher:	C:\Program Files\Java\jre1.8.0_281\bin\javaw.exe (OK)
Match:		1.008.000_281
64-bit search:	SOFTWARE\JavaSoft\Java Development Kit...
Check:		SOFTWARE\JavaSoft\Java Development Kit\1.8
Ignore:		1.008.000
Check:		SOFTWARE\JavaSoft\Java Development Kit\1.8.0_271
Ignore:		1.008.000_271
64-bit search:	SOFTWARE\JavaSoft\JRE...
64-bit search:	SOFTWARE\JavaSoft\JDK...
Runtime used:	1.008.000_281 (64-bit)
Launcher:	C:\Program Files\Java\jre1.8.0_281\bin\javaw.exe
Launcher args:	-jar "D:\Project\Personal\programming\java\workspace\watermark\out\artifacts\watermark_jar\watermark.exe"
Args length:	105/32768 chars
Exit code:	0
